<?xml version="1.0" encoding="UTF-8"?>
<robot generator="Robot 4.1.3 (Python 3.9.5 on win32)" generated="20220314 14:10:47.365" rpa="false" schemaversion="2">
<suite id="s1" name="doaçãoPrecatórios" source="D:\1 Meu Programas NOTESEFA\Pessoais\Auto\testes\Doação\doaçãoPrecatórios.robot">
<kw name="Abrir Navegador" library="base" type="SETUP">
<kw name="Open Browser" library="SeleniumLibrary">
<arg>about:blank</arg>
<arg>Firefox</arg>
<doc>Opens a new browser instance to the optional ``url``.</doc>
<msg timestamp="20220314 14:10:47.582" level="INFO">Opening browser 'Firefox' to base url 'about:blank'.</msg>
<msg timestamp="20220314 14:10:47.596" level="INFO">Firefox driver log is always forced to to: D:\1 Meu Programas NOTESEFA\Pessoais\Auto\logs\geckodriver-577.log</msg>
<status status="PASS" starttime="20220314 14:10:47.582" endtime="20220314 14:10:56.649"/>
</kw>
<kw name="Set Window Size" library="SeleniumLibrary">
<arg>1920</arg>
<arg>1024</arg>
<doc>Sets current windows size to given ``width`` and ``height``.</doc>
<status status="PASS" starttime="20220314 14:10:56.649" endtime="20220314 14:10:56.666"/>
</kw>
<kw name="Maximize Browser Window" library="SeleniumLibrary">
<doc>Maximizes current browser window.</doc>
<status status="PASS" starttime="20220314 14:10:56.666" endtime="20220314 14:10:56.925"/>
</kw>
<status status="PASS" starttime="20220314 14:10:47.582" endtime="20220314 14:10:56.925"/>
</kw>
<test id="s1-t1" name="Quero logar com usuário contribuinte">
<kw name="Estou Logado" library="base">
<kw name="Go To" library="SeleniumLibrary">
<arg>${BASE_URL}</arg>
<doc>Navigates the current browser window to the provided ``url``.</doc>
<msg timestamp="20220314 14:10:56.928" level="INFO">Opening url 'http://webcnp01.homologacao.sefa.parana:8893/portalsgt_SIT/faces/itcmdSobre'</msg>
<status status="PASS" starttime="20220314 14:10:56.927" endtime="20220314 14:10:57.950"/>
</kw>
<kw name="Click Element" library="SeleniumLibrary">
<arg>${FAZER_DECLARAÇÃO}</arg>
<doc>Click the element identified by ``locator``.</doc>
<msg timestamp="20220314 14:10:57.950" level="INFO">Clicking element 'id=pt1:b4a'.</msg>
<status status="PASS" starttime="20220314 14:10:57.950" endtime="20220314 14:10:58.198"/>
</kw>
<kw name="Double Click Element" library="SeleniumLibrary">
<arg>${ACESSAR}</arg>
<doc>Double clicks the element identified by ``locator``.</doc>
<msg timestamp="20220314 14:10:58.199" level="INFO">Double clicking element 'id=pt1:popup:b1'.</msg>
<status status="PASS" starttime="20220314 14:10:58.199" endtime="20220314 14:10:58.517"/>
</kw>
<kw name="Wait Until Element Is Visible" library="SeleniumLibrary">
<arg>${LGN_USUARIO}</arg>
<arg>timeout=60</arg>
<arg>error=None</arg>
<doc>Waits until the element ``locator`` is visible.</doc>
<status status="PASS" starttime="20220314 14:10:58.517" endtime="20220314 14:10:58.789"/>
</kw>
<kw name="Click Element" library="SeleniumLibrary">
<arg>${LGN_USUARIO}</arg>
<doc>Click the element identified by ``locator``.</doc>
<msg timestamp="20220314 14:10:58.790" level="INFO">Clicking element 'id=attribute'.</msg>
<status status="PASS" starttime="20220314 14:10:58.789" endtime="20220314 14:10:59.018"/>
</kw>
<kw name="Input Text" library="SeleniumLibrary">
<arg>${LGN_USUARIO}</arg>
<arg>${USR_CPF}</arg>
<doc>Types the given ``text`` into the text field identified by ``locator``.</doc>
<msg timestamp="20220314 14:10:59.019" level="INFO">Typing text '13605255728' into text field 'id=attribute'.</msg>
<status status="PASS" starttime="20220314 14:10:59.018" endtime="20220314 14:10:59.038"/>
</kw>
<kw name="Wait Until Element Is Visible" library="SeleniumLibrary">
<arg>${LGN_SENHA}</arg>
<arg>timeout=60</arg>
<arg>error=None</arg>
<doc>Waits until the element ``locator`` is visible.</doc>
<status status="PASS" starttime="20220314 14:10:59.038" endtime="20220314 14:10:59.054"/>
</kw>
<kw name="Click Element" library="SeleniumLibrary">
<arg>${LGN_SENHA}</arg>
<doc>Click the element identified by ``locator``.</doc>
<msg timestamp="20220314 14:10:59.055" level="INFO">Clicking element 'id=password'.</msg>
<status status="PASS" starttime="20220314 14:10:59.054" endtime="20220314 14:10:59.269"/>
</kw>
<kw name="Input Text" library="SeleniumLibrary">
<arg>${LGN_SENHA}</arg>
<arg>${USR_SENHA}</arg>
<doc>Types the given ``text`` into the text field identified by ``locator``.</doc>
<msg timestamp="20220314 14:10:59.270" level="INFO">Typing text 'sefa2022' into text field 'id=password'.</msg>
<status status="PASS" starttime="20220314 14:10:59.269" endtime="20220314 14:10:59.286"/>
</kw>
<kw name="Wait Until Element Is Visible" library="SeleniumLibrary">
<arg>${BTN_ACESSAR}</arg>
<arg>timeout=60</arg>
<arg>error=None</arg>
<doc>Waits until the element ``locator`` is visible.</doc>
<status status="PASS" starttime="20220314 14:10:59.286" endtime="20220314 14:10:59.300"/>
</kw>
<kw name="Click Button" library="SeleniumLibrary">
<arg>${BTN_ACESSAR}</arg>
<doc>Clicks the button identified by ``locator``.</doc>
<msg timestamp="20220314 14:10:59.301" level="INFO">Clicking button 'xpath=//input[@value='Acessar']'.</msg>
<status status="PASS" starttime="20220314 14:10:59.300" endtime="20220314 14:11:00.035"/>
</kw>
<status status="PASS" starttime="20220314 14:10:56.927" endtime="20220314 14:11:00.035"/>
</kw>
<status status="PASS" starttime="20220314 14:10:56.926" endtime="20220314 14:11:00.036"/>
</test>
<test id="s1-t2" name="Enviar declaração divórcio">
<kw name="Dado que inicio uma declaração de doação precatório" library="steps_kw4">
<kw name="Wait Until Element Is Enabled" library="SeleniumLibrary">
<arg>${LGN_DECLARAÇÃO}</arg>
<arg>timeout=60</arg>
<arg>error=None</arg>
<doc>Waits until the element ``locator`` is enabled.</doc>
<status status="PASS" starttime="20220314 14:11:00.038" endtime="20220314 14:11:08.089"/>
</kw>
<kw name="Element Should Be Enabled" library="SeleniumLibrary">
<arg>${LGN_DECLARAÇÃO}</arg>
<doc>Verifies that element identified by ``locator`` is enabled.</doc>
<status status="PASS" starttime="20220314 14:11:08.089" endtime="20220314 14:11:08.123"/>
</kw>
<kw name="Wait Until Page Contains Element" library="SeleniumLibrary">
<arg>${LGN_DECLARAÇÃO}</arg>
<arg>timeout=10</arg>
<arg>error=Não localizado botão Fazer Declaração</arg>
<doc>Waits until the element ``locator`` appears on the current page.</doc>
<status status="PASS" starttime="20220314 14:11:08.123" endtime="20220314 14:11:08.139"/>
</kw>
<kw name="Click Element At Coordinates" library="SeleniumLibrary">
<arg>${LGN_DECLARAÇÃO}</arg>
<arg>147</arg>
<arg>19</arg>
<doc>Click the element ``locator`` at ``xoffset/yoffset``.</doc>
<msg timestamp="20220314 14:11:08.139" level="INFO">Clicking element 'xpath=//*[@id='pt1:b4' or contains(text(), 'FAZER DECLARAÇÃO')]' at coordinates x=147, y=19.</msg>
<status status="PASS" starttime="20220314 14:11:08.139" endtime="20220314 14:11:08.686"/>
</kw>
<kw name="Double Click Element" library="SeleniumLibrary">
<arg>${LGN_DECLARAÇÃO}</arg>
<doc>Double clicks the element identified by ``locator``.</doc>
<msg timestamp="20220314 14:11:08.687" level="INFO">Double clicking element 'xpath=//*[@id='pt1:b4' or contains(text(), 'FAZER DECLARAÇÃO')]'.</msg>
<status status="PASS" starttime="20220314 14:11:08.686" endtime="20220314 14:11:08.995"/>
</kw>
<kw name="Page Should Contain" library="SeleniumLibrary">
<arg>Art. 299 - Omitir,</arg>
<doc>Verifies that current page contains ``text``.</doc>
<msg timestamp="20220314 14:11:09.014" level="INFO">Current page contains text 'Art. 299 - Omitir,'.</msg>
<status status="PASS" starttime="20220314 14:11:08.995" endtime="20220314 14:11:09.014"/>
</kw>
<kw name="Wait Until Element Is Visible" library="SeleniumLibrary">
<arg>${CAMPO_TEL}</arg>
<arg>timeout=30</arg>
<arg>error=None</arg>
<doc>Waits until the element ``locator`` is visible.</doc>
<status status="PASS" starttime="20220314 14:11:09.015" endtime="20220314 14:11:09.486"/>
</kw>
<kw name="Wait Until Element Is Visible" library="SeleniumLibrary">
<arg>${CAMPO_LOGR}</arg>
<arg>timeout=30</arg>
<arg>error=None</arg>
<doc>Waits until the element ``locator`` is visible.</doc>
<status status="PASS" starttime="20220314 14:11:09.486" endtime="20220314 14:11:09.501"/>
</kw>
<kw name="Wait Until Element Is Visible" library="SeleniumLibrary">
<arg>${CHK_299}</arg>
<arg>timeout=30</arg>
<arg>error=None</arg>
<doc>Waits until the element ``locator`` is visible.</doc>
<status status="PASS" starttime="20220314 14:11:09.501" endtime="20220314 14:11:09.516"/>
</kw>
<kw name="Click Element" library="SeleniumLibrary">
<arg>${CHK_299}</arg>
<arg>modifier=False</arg>
<doc>Click the element identified by ``locator``.</doc>
<msg timestamp="20220314 14:11:09.516" level="INFO">Clicking element 'xpath= //input[@id='pt1:sbcUsuConcordaTermos::content']'.</msg>
<status status="PASS" starttime="20220314 14:11:09.516" endtime="20220314 14:11:09.739"/>
</kw>
<kw name="Page Should Contain" library="SeleniumLibrary">
<arg>299 do Código Penal:</arg>
<doc>Verifies that current page contains ``text``.</doc>
<msg timestamp="20220314 14:11:09.750" level="INFO">Current page contains text '299 do Código Penal:'.</msg>
<status status="PASS" starttime="20220314 14:11:09.739" endtime="20220314 14:11:09.750"/>
</kw>
<kw name="Wait Until Element Is Visible" library="SeleniumLibrary">
<arg>${BTN_INICIAR}</arg>
<arg>timeout=30</arg>
<arg>error=None</arg>
<doc>Waits until the element ``locator`` is visible.</doc>
<status status="PASS" starttime="20220314 14:11:09.750" endtime="20220314 14:11:09.762"/>
</kw>
<kw name="Click Element" library="SeleniumLibrary">
<arg>${BTN_INICIAR}</arg>
<doc>Click the element identified by ``locator``.</doc>
<msg timestamp="20220314 14:11:09.763" level="INFO">Clicking element 'xpath=//div[@id='pt1:btnIniciarDeclaracao']/a/span'.</msg>
<status status="PASS" starttime="20220314 14:11:09.763" endtime="20220314 14:11:10.114"/>
</kw>
<status status="PASS" starttime="20220314 14:11:00.037" endtime="20220314 14:11:10.114"/>
</kw>
<kw name="E tenho doador e donatário válidos para malha" library="steps_kw4">
<kw name="Wait Until Element Is Visible" library="SeleniumLibrary">
<arg>${DESEJO}</arg>
<arg>timeout=30</arg>
<arg>error=None</arg>
<doc>Waits until the element ``locator`` is visible.</doc>
<status status="PASS" starttime="20220314 14:11:10.115" endtime="20220314 14:11:10.135"/>
</kw>
<kw name="Element Text Should Be" library="SeleniumLibrary">
<arg>${DESEJO}</arg>
<arg>O que deseja fazer?</arg>
<doc>Verifies that element ``locator`` contains exact the text ``expected``.</doc>
<msg timestamp="20220314 14:11:10.137" level="INFO">Verifying element 'xpath=//span[contains(text(), 'O que deseja fazer?')]' contains exact text 'O que deseja fazer?'.</msg>
<status status="PASS" starttime="20220314 14:11:10.137" endtime="20220314 14:11:10.149"/>
</kw>
<kw name="Click Element" library="SeleniumLibrary">
<arg>${NOVA_DECL}</arg>
<arg>modifier=False</arg>
<doc>Click the element identified by ``locator``.</doc>
<msg timestamp="20220314 14:11:10.152" level="INFO">Clicking element 'id=pt1:btnComplementarNao'.</msg>
<status status="PASS" starttime="20220314 14:11:10.149" endtime="20220314 14:11:10.375"/>
</kw>
<kw name="Wait Until Element Is Visible" library="SeleniumLibrary">
<arg>${TIPO_TRANS}</arg>
<arg>timeout=30</arg>
<arg>error=None</arg>
<doc>Waits until the element ``locator`` is visible.</doc>
<status status="PASS" starttime="20220314 14:11:10.375" endtime="20220314 14:11:10.388"/>
</kw>
<kw name="Click Element" library="SeleniumLibrary">
<arg>${BTN_DOACAO}</arg>
<doc>Click the element identified by ``locator``.</doc>
<msg timestamp="20220314 14:11:10.389" level="INFO">Clicking element 'id=pt1:btnTransmDoacao'.</msg>
<status status="PASS" starttime="20220314 14:11:10.388" endtime="20220314 14:11:10.610"/>
</kw>
<kw name="Page Should Contain" library="SeleniumLibrary">
<arg>Qual a modalidade?</arg>
<arg>loglevel=TRACE</arg>
<doc>Verifies that current page contains ``text``.</doc>
<msg timestamp="20220314 14:11:10.615" level="INFO">Current page contains text 'Qual a modalidade?'.</msg>
<status status="PASS" starttime="20220314 14:11:10.610" endtime="20220314 14:11:10.615"/>
</kw>
<kw name="Page Should Contain" library="SeleniumLibrary">
<arg>Por Escritura Pública</arg>
<arg>loglevel=TRACE</arg>
<doc>Verifies that current page contains ``text``.</doc>
<msg timestamp="20220314 14:11:10.621" level="INFO">Current page contains text 'Por Escritura Pública'.</msg>
<status status="PASS" starttime="20220314 14:11:10.615" endtime="20220314 14:11:10.621"/>
</kw>
<kw name="Scroll Page To Location" library="base">
<arg>0</arg>
<arg>2000</arg>
<kw name="Execute Javascript" library="SeleniumLibrary">
<arg>window.scrollTo(${x_location},${y_location})</arg>
<doc>Executes the given JavaScript code with possible arguments.</doc>
<msg timestamp="20220314 14:11:10.622" level="INFO">Executing JavaScript:
window.scrollTo(0,2000)
Without any arguments.</msg>
<status status="PASS" starttime="20220314 14:11:10.622" endtime="20220314 14:11:10.627"/>
</kw>
<status status="PASS" starttime="20220314 14:11:10.622" endtime="20220314 14:11:10.627"/>
</kw>
<kw name="Select Radio Button" library="SeleniumLibrary">
<arg>${RADIO_DOACAO}</arg>
<arg>0</arg>
<doc>Sets the radio button group ``group_name`` to ``value``.</doc>
<msg timestamp="20220314 14:11:10.627" level="INFO">Selecting '0' from radio button 'pt1:sorTipoRegistro'.</msg>
<status status="PASS" starttime="20220314 14:11:10.627" endtime="20220314 14:11:10.843"/>
</kw>
<kw name="Wait Until Element Is Visible" library="SeleniumLibrary">
<arg>${CAD_UF}</arg>
<arg>timeout=30</arg>
<arg>error=None</arg>
<doc>Waits until the element ``locator`` is visible.</doc>
<status status="PASS" starttime="20220314 14:11:10.844" endtime="20220314 14:11:10.857"/>
</kw>
<kw name="Select From List By Value" library="SeleniumLibrary">
<arg>${CAD_UF}</arg>
<arg>17</arg>
<doc>Selects options from selection list ``locator`` by ``values``.</doc>
<msg timestamp="20220314 14:11:10.858" level="INFO">Selecting options from selection list 'id=pt1:socSiglaUF::content' by value 17.</msg>
<status status="PASS" starttime="20220314 14:11:10.858" endtime="20220314 14:11:11.093"/>
</kw>
<kw name="Click Element" library="SeleniumLibrary">
<arg>${CAD_UF}</arg>
<arg>modifier=False</arg>
<doc>Click the element identified by ``locator``.</doc>
<msg timestamp="20220314 14:11:11.094" level="INFO">Clicking element 'id=pt1:socSiglaUF::content'.</msg>
<status status="PASS" starttime="20220314 14:11:11.093" endtime="20220314 14:11:11.343"/>
</kw>
<kw name="Wait Until Element Contains" library="SeleniumLibrary">
<arg>${CD_MUNICIPIO}</arg>
<arg>CURITIBA</arg>
<arg>timeout=30</arg>
<arg>error=None</arg>
<doc>Waits until the element ``locator`` contains ``text``.</doc>
<status status="PASS" starttime="20220314 14:11:11.343" endtime="20220314 14:11:11.812"/>
</kw>
<kw name="Wait Until Page Contains Element" library="SeleniumLibrary">
<arg>${CD_MUNICIPIO}</arg>
<arg>timeout=30</arg>
<arg>error=Não Localiza CD Município</arg>
<doc>Waits until the element ``locator`` appears on the current page.</doc>
<status status="PASS" starttime="20220314 14:11:11.812" endtime="20220314 14:11:11.816"/>
</kw>
<kw name="Select From List By Value" library="SeleniumLibrary">
<arg>${CD_MUNICIPIO}</arg>
<arg>95</arg>
<doc>Selects options from selection list ``locator`` by ``values``.</doc>
<msg timestamp="20220314 14:11:11.816" level="INFO">Selecting options from selection list 'id=pt1:socCodigoMunicipio::content' by value 95.</msg>
<status status="PASS" starttime="20220314 14:11:11.816" endtime="20220314 14:11:12.054"/>
</kw>
<kw name="Wait Until Element Is Visible" library="SeleniumLibrary">
<arg>${CD_CARTORIO}</arg>
<arg>timeout=30</arg>
<arg>error=None</arg>
<doc>Waits until the element ``locator`` is visible.</doc>
<status status="PASS" starttime="20220314 14:11:12.054" endtime="20220314 14:11:12.720"/>
</kw>
<kw name="Select From List By Value" library="SeleniumLibrary">
<arg>${CD_CARTORIO}</arg>
<arg>20</arg>
<doc>Selects options from selection list ``locator`` by ``values``.</doc>
<msg timestamp="20220314 14:11:12.721" level="INFO">Selecting options from selection list 'xpath=//select[@title='Selecione']' by value 20.</msg>
<status status="PASS" starttime="20220314 14:11:12.720" endtime="20220314 14:11:12.957"/>
</kw>
<kw name="Wait Until Element Contains" library="SeleniumLibrary">
<arg>${COMBO_CARTORIO}</arg>
<arg>JUNTA COMERCIAL DO PARANA</arg>
<arg>timeout=30</arg>
<arg>error=None</arg>
<doc>Waits until the element ``locator`` contains ``text``.</doc>
<status status="PASS" starttime="20220314 14:11:12.957" endtime="20220314 14:11:13.012"/>
</kw>
<kw name="Scroll Page To Location" library="base">
<arg>0</arg>
<arg>2000</arg>
<kw name="Execute Javascript" library="SeleniumLibrary">
<arg>window.scrollTo(${x_location},${y_location})</arg>
<doc>Executes the given JavaScript code with possible arguments.</doc>
<msg timestamp="20220314 14:11:13.013" level="INFO">Executing JavaScript:
window.scrollTo(0,2000)
Without any arguments.</msg>
<status status="PASS" starttime="20220314 14:11:13.012" endtime="20220314 14:11:13.017"/>
</kw>
<status status="PASS" starttime="20220314 14:11:13.012" endtime="20220314 14:11:13.017"/>
</kw>
<kw name="Wait Until Element Is Visible" library="SeleniumLibrary">
<arg>${DOACAO_PLENA}</arg>
<arg>timeout=30</arg>
<arg>error=None</arg>
<doc>Waits until the element ``locator`` is visible.</doc>
<status status="PASS" starttime="20220314 14:11:13.017" endtime="20220314 14:11:13.468"/>
</kw>
<kw name="Page Should Contain" library="SeleniumLibrary">
<arg>Qual o tipo de doação?</arg>
<doc>Verifies that current page contains ``text``.</doc>
<msg timestamp="20220314 14:11:13.477" level="INFO">Current page contains text 'Qual o tipo de doação?'.</msg>
<status status="PASS" starttime="20220314 14:11:13.468" endtime="20220314 14:11:13.477"/>
</kw>
<kw name="Select Radio Button" library="SeleniumLibrary">
<arg>${DOACAO_PLENA}</arg>
<arg>0</arg>
<doc>Sets the radio button group ``group_name`` to ``value``.</doc>
<msg timestamp="20220314 14:11:13.477" level="INFO">Selecting '0' from radio button 'pt1:sorTipoDoacao'.</msg>
<status status="PASS" starttime="20220314 14:11:13.477" endtime="20220314 14:11:13.704"/>
</kw>
<kw name="Scroll Page To Location" library="base">
<arg>0</arg>
<arg>2000</arg>
<kw name="Execute Javascript" library="SeleniumLibrary">
<arg>window.scrollTo(${x_location},${y_location})</arg>
<doc>Executes the given JavaScript code with possible arguments.</doc>
<msg timestamp="20220314 14:11:13.705" level="INFO">Executing JavaScript:
window.scrollTo(0,2000)
Without any arguments.</msg>
<status status="PASS" starttime="20220314 14:11:13.705" endtime="20220314 14:11:13.709"/>
</kw>
<status status="PASS" starttime="20220314 14:11:13.704" endtime="20220314 14:11:13.709"/>
</kw>
<kw name="Wait Until Element Is Enabled" library="SeleniumLibrary">
<arg>${BTN_PROSSEGUIR}</arg>
<arg>timeout=10</arg>
<arg>error=None</arg>
<doc>Waits until the element ``locator`` is enabled.</doc>
<status status="PASS" starttime="20220314 14:11:13.710" endtime="20220314 14:11:13.725"/>
</kw>
<kw name="Double Click Element" library="SeleniumLibrary">
<arg>${BTN_PROSSEGUIR}</arg>
<doc>Double clicks the element identified by ``locator``.</doc>
<msg timestamp="20220314 14:11:13.726" level="INFO">Double clicking element 'id=pt1:btnSalvarProsseguir'.</msg>
<status status="PASS" starttime="20220314 14:11:13.725" endtime="20220314 14:11:13.997"/>
</kw>
<kw name="Scroll Page To Location" library="base">
<arg>0</arg>
<arg>2000</arg>
<kw name="Execute Javascript" library="SeleniumLibrary">
<arg>window.scrollTo(${x_location},${y_location})</arg>
<doc>Executes the given JavaScript code with possible arguments.</doc>
<msg timestamp="20220314 14:11:13.997" level="INFO">Executing JavaScript:
window.scrollTo(0,2000)
Without any arguments.</msg>
<status status="PASS" starttime="20220314 14:11:13.997" endtime="20220314 14:11:14.000"/>
</kw>
<status status="PASS" starttime="20220314 14:11:13.997" endtime="20220314 14:11:14.001"/>
</kw>
<kw name="Wait Until Element Is Visible" library="SeleniumLibrary">
<arg>${CAD_TRANSMIT}</arg>
<arg>timeout=30</arg>
<arg>error=None</arg>
<doc>Waits until the element ``locator`` is visible.</doc>
<status status="PASS" starttime="20220314 14:11:14.001" endtime="20220314 14:11:14.870"/>
</kw>
<kw name="Page Should Contain" library="SeleniumLibrary">
<arg>Pessoas Envolvidas</arg>
<arg>loglevel=TRACE</arg>
<doc>Verifies that current page contains ``text``.</doc>
<msg timestamp="20220314 14:11:14.876" level="INFO">Current page contains text 'Pessoas Envolvidas'.</msg>
<status status="PASS" starttime="20220314 14:11:14.870" endtime="20220314 14:11:14.877"/>
</kw>
<kw name="Click Element" library="SeleniumLibrary">
<arg>${CAD_TRANSMIT}</arg>
<doc>Click the element identified by ``locator``.</doc>
<msg timestamp="20220314 14:11:14.877" level="INFO">Clicking element 'id=pt1:btnCadastrarTransmitente'.</msg>
<status status="PASS" starttime="20220314 14:11:14.877" endtime="20220314 14:11:15.202"/>
</kw>
<kw name="Wait Until Element Is Visible" library="SeleniumLibrary">
<arg>${CMP_CPF}</arg>
<arg>timeout=30</arg>
<arg>error=None</arg>
<doc>Waits until the element ``locator`` is visible.</doc>
<status status="PASS" starttime="20220314 14:11:15.202" endtime="20220314 14:11:15.221"/>
</kw>
<kw name="Input Text" library="SeleniumLibrary">
<arg>${NUM_CPF}</arg>
<arg>${CPF_1}</arg>
<doc>Types the given ``text`` into the text field identified by ``locator``.</doc>
<msg timestamp="20220314 14:11:15.222" level="INFO">Typing text '053.285.259-14' into text field 'id=pt1:itxNumCpfCnpj::content'.</msg>
<status status="PASS" starttime="20220314 14:11:15.222" endtime="20220314 14:11:15.252"/>
</kw>
<kw name="Double Click Element" library="SeleniumLibrary">
<arg>${LUPA_CPF}</arg>
<doc>Double clicks the element identified by ``locator``.</doc>
<msg timestamp="20220314 14:11:15.252" level="INFO">Double clicking element 'xpath=//*[@id="pt1:btnCpfCnpj"]/a'.</msg>
<status status="PASS" starttime="20220314 14:11:15.252" endtime="20220314 14:11:15.535"/>
</kw>
<kw name="Wait Until Element Is Visible" library="SeleniumLibrary">
<arg>${CMP_TEL}</arg>
<arg>timeout=30</arg>
<arg>error=None</arg>
<doc>Waits until the element ``locator`` is visible.</doc>
<status status="PASS" starttime="20220314 14:11:15.535" endtime="20220314 14:11:15.968"/>
</kw>
<kw name="Page Should Contain" library="SeleniumLibrary">
<arg>Nome Completo</arg>
<arg>loglevel=TRACE</arg>
<doc>Verifies that current page contains ``text``.</doc>
<msg timestamp="20220314 14:11:15.975" level="INFO">Current page contains text 'Nome Completo'.</msg>
<status status="PASS" starttime="20220314 14:11:15.968" endtime="20220314 14:11:15.975"/>
</kw>
<kw name="Input Text" library="SeleniumLibrary">
<arg>${CMP_TEL}</arg>
<arg>${TELEFONE}</arg>
<doc>Types the given ``text`` into the text field identified by ``locator``.</doc>
<msg timestamp="20220314 14:11:15.975" level="INFO">Typing text '(41) 3023-3312' into text field 'id=pt1:itxNumTelefone::content'.</msg>
<status status="PASS" starttime="20220314 14:11:15.975" endtime="20220314 14:11:15.999"/>
</kw>
<kw name="Input Text" library="SeleniumLibrary">
<arg>${CMP_EMAIL}</arg>
<arg>${EMAIL}</arg>
<doc>Types the given ``text`` into the text field identified by ``locator``.</doc>
<msg timestamp="20220314 14:11:15.999" level="INFO">Typing text 'ralph.souza@integraparana.com.br' into text field 'id=pt1:itxEmail::content'.</msg>
<status status="PASS" starttime="20220314 14:11:15.999" endtime="20220314 14:11:16.024"/>
</kw>
<kw name="Input Text" library="SeleniumLibrary">
<arg>${CMP_CEP}</arg>
<arg>${CEP}</arg>
<doc>Types the given ``text`` into the text field identified by ``locator``.</doc>
<msg timestamp="20220314 14:11:16.024" level="INFO">Typing text '80240018' into text field 'id=pt1:itxCEP::content'.</msg>
<status status="PASS" starttime="20220314 14:11:16.024" endtime="20220314 14:11:16.050"/>
</kw>
<kw name="Wait Until Element Is Enabled" library="SeleniumLibrary">
<arg>${LUPA_CEP}</arg>
<arg>timeout=30</arg>
<arg>error=None</arg>
<doc>Waits until the element ``locator`` is enabled.</doc>
<status status="PASS" starttime="20220314 14:11:16.050" endtime="20220314 14:11:16.065"/>
</kw>
<kw name="Double Click Element" library="SeleniumLibrary">
<arg>${LUPA_CEP}</arg>
<doc>Double clicks the element identified by ``locator``.</doc>
<msg timestamp="20220314 14:11:16.065" level="INFO">Double clicking element 'xpath=//*[@id="pt1:btnCEP"]/a'.</msg>
<status status="PASS" starttime="20220314 14:11:16.065" endtime="20220314 14:11:16.346"/>
</kw>
<kw name="Scroll Page To Location" library="base">
<arg>0</arg>
<arg>2000</arg>
<kw name="Execute Javascript" library="SeleniumLibrary">
<arg>window.scrollTo(${x_location},${y_location})</arg>
<doc>Executes the given JavaScript code with possible arguments.</doc>
<msg timestamp="20220314 14:11:16.347" level="INFO">Executing JavaScript:
window.scrollTo(0,2000)
Without any arguments.</msg>
<status status="PASS" starttime="20220314 14:11:16.346" endtime="20220314 14:11:16.351"/>
</kw>
<status status="PASS" starttime="20220314 14:11:16.346" endtime="20220314 14:11:16.351"/>
</kw>
<kw name="Wait Until Element Is Visible" library="SeleniumLibrary">
<arg>${LOGR}</arg>
<arg>timeout=30</arg>
<arg>error=None</arg>
<doc>Waits until the element ``locator`` is visible.</doc>
<status status="PASS" starttime="20220314 14:11:16.351" endtime="20220314 14:11:16.791"/>
</kw>
<kw name="Page Should Contain" library="SeleniumLibrary">
<arg>Endereço</arg>
<doc>Verifies that current page contains ``text``.</doc>
<msg timestamp="20220314 14:11:16.800" level="INFO">Current page contains text 'Endereço'.</msg>
<status status="PASS" starttime="20220314 14:11:16.791" endtime="20220314 14:11:16.800"/>
</kw>
<kw name="Input Text" library="SeleniumLibrary">
<arg>${LOGR}</arg>
<arg>100</arg>
<doc>Types the given ``text`` into the text field identified by ``locator``.</doc>
<msg timestamp="20220314 14:11:16.800" level="INFO">Typing text '100' into text field 'id=pt1:itxNrLogradouro::content'.</msg>
<status status="PASS" starttime="20220314 14:11:16.800" endtime="20220314 14:11:16.815"/>
</kw>
<kw name="Double Click Element" library="SeleniumLibrary">
<arg>${PARTES_SALVAR}</arg>
<doc>Double clicks the element identified by ``locator``.</doc>
<msg timestamp="20220314 14:11:16.816" level="INFO">Double clicking element 'xpath=//*[@id="pt1:btnSalvar"]/a'.</msg>
<status status="PASS" starttime="20220314 14:11:16.815" endtime="20220314 14:11:17.106"/>
</kw>
<kw name="Wait Until Element Is Visible" library="SeleniumLibrary">
<arg>${CAD_BENFICIARIO}</arg>
<arg>timeout=30</arg>
<arg>error=None</arg>
<doc>Waits until the element ``locator`` is visible.</doc>
<status status="PASS" starttime="20220314 14:11:17.106" endtime="20220314 14:11:17.770"/>
</kw>
<kw name="Page Should Contain" library="SeleniumLibrary">
<arg>Pessoas Envolvidas</arg>
<arg>loglevel=TRACE</arg>
<doc>Verifies that current page contains ``text``.</doc>
<msg timestamp="20220314 14:11:17.776" level="INFO">Current page contains text 'Pessoas Envolvidas'.</msg>
<status status="PASS" starttime="20220314 14:11:17.770" endtime="20220314 14:11:17.777"/>
</kw>
<kw name="Scroll Page To Location" library="base">
<arg>0</arg>
<arg>2000</arg>
<kw name="Execute Javascript" library="SeleniumLibrary">
<arg>window.scrollTo(${x_location},${y_location})</arg>
<doc>Executes the given JavaScript code with possible arguments.</doc>
<msg timestamp="20220314 14:11:17.778" level="INFO">Executing JavaScript:
window.scrollTo(0,2000)
Without any arguments.</msg>
<status status="PASS" starttime="20220314 14:11:17.777" endtime="20220314 14:11:17.780"/>
</kw>
<status status="PASS" starttime="20220314 14:11:17.777" endtime="20220314 14:11:17.780"/>
</kw>
<kw name="Click Element" library="SeleniumLibrary">
<arg>${CAD_BENFICIARIO}</arg>
<doc>Click the element identified by ``locator``.</doc>
<msg timestamp="20220314 14:11:17.781" level="INFO">Clicking element 'xpath=/html/body/div/form/span[1]/div[2]/div[4]/div/div/div/div[3]/div[4]/table/tbody/tr/td[3]/div/div/div/a'.</msg>
<status status="PASS" starttime="20220314 14:11:17.780" endtime="20220314 14:11:18.052"/>
</kw>
<kw name="Wait Until Element Is Visible" library="SeleniumLibrary">
<arg>${CMP_CPF}</arg>
<arg>timeout=30</arg>
<doc>Waits until the element ``locator`` is visible.</doc>
<status status="PASS" starttime="20220314 14:11:18.052" endtime="20220314 14:11:18.069"/>
</kw>
<kw name="Input Text" library="SeleniumLibrary">
<arg>${NUM_CPF}</arg>
<arg>${CPF_2}</arg>
<doc>Types the given ``text`` into the text field identified by ``locator``.</doc>
<msg timestamp="20220314 14:11:18.069" level="INFO">Typing text '110.020.488-18' into text field 'id=pt1:itxNumCpfCnpj::content'.</msg>
<status status="PASS" starttime="20220314 14:11:18.069" endtime="20220314 14:11:18.099"/>
</kw>
<kw name="Double Click Element" library="SeleniumLibrary">
<arg>${LUPA_CPF}</arg>
<doc>Double clicks the element identified by ``locator``.</doc>
<msg timestamp="20220314 14:11:18.099" level="INFO">Double clicking element 'xpath=//*[@id="pt1:btnCpfCnpj"]/a'.</msg>
<status status="PASS" starttime="20220314 14:11:18.099" endtime="20220314 14:11:18.387"/>
</kw>
<kw name="Wait Until Element Is Visible" library="SeleniumLibrary">
<arg>${CMP_TEL}</arg>
<arg>timeout=30</arg>
<arg>error=None</arg>
<doc>Waits until the element ``locator`` is visible.</doc>
<status status="PASS" starttime="20220314 14:11:18.387" endtime="20220314 14:11:18.822"/>
</kw>
<kw name="Page Should Contain" library="SeleniumLibrary">
<arg>Nome Completo</arg>
<arg>loglevel=TRACE</arg>
<doc>Verifies that current page contains ``text``.</doc>
<msg timestamp="20220314 14:11:18.830" level="INFO">Current page contains text 'Nome Completo'.</msg>
<status status="PASS" starttime="20220314 14:11:18.822" endtime="20220314 14:11:18.830"/>
</kw>
<kw name="Input Text" library="SeleniumLibrary">
<arg>${CMP_TEL}</arg>
<arg>${TELEFONE}</arg>
<doc>Types the given ``text`` into the text field identified by ``locator``.</doc>
<msg timestamp="20220314 14:11:18.830" level="INFO">Typing text '(41) 3023-3312' into text field 'id=pt1:itxNumTelefone::content'.</msg>
<status status="PASS" starttime="20220314 14:11:18.830" endtime="20220314 14:11:18.853"/>
</kw>
<kw name="Input Text" library="SeleniumLibrary">
<arg>${CMP_EMAIL}</arg>
<arg>${EMAIL}</arg>
<doc>Types the given ``text`` into the text field identified by ``locator``.</doc>
<msg timestamp="20220314 14:11:18.853" level="INFO">Typing text 'ralph.souza@integraparana.com.br' into text field 'id=pt1:itxEmail::content'.</msg>
<status status="PASS" starttime="20220314 14:11:18.853" endtime="20220314 14:11:18.885"/>
</kw>
<kw name="Input Text" library="SeleniumLibrary">
<arg>${CMP_CEP}</arg>
<arg>${CEP}</arg>
<doc>Types the given ``text`` into the text field identified by ``locator``.</doc>
<msg timestamp="20220314 14:11:18.886" level="INFO">Typing text '80240018' into text field 'id=pt1:itxCEP::content'.</msg>
<status status="PASS" starttime="20220314 14:11:18.885" endtime="20220314 14:11:18.910"/>
</kw>
<kw name="Wait Until Element Is Enabled" library="SeleniumLibrary">
<arg>${LUPA_CEP}</arg>
<arg>timeout=30</arg>
<arg>error=None</arg>
<doc>Waits until the element ``locator`` is enabled.</doc>
<status status="PASS" starttime="20220314 14:11:18.910" endtime="20220314 14:11:18.933"/>
</kw>
<kw name="Double Click Element" library="SeleniumLibrary">
<arg>${LUPA_CEP}</arg>
<doc>Double clicks the element identified by ``locator``.</doc>
<msg timestamp="20220314 14:11:18.934" level="INFO">Double clicking element 'xpath=//*[@id="pt1:btnCEP"]/a'.</msg>
<status status="PASS" starttime="20220314 14:11:18.933" endtime="20220314 14:11:19.209"/>
</kw>
<kw name="Scroll Page To Location" library="base">
<arg>0</arg>
<arg>2000</arg>
<kw name="Execute Javascript" library="SeleniumLibrary">
<arg>window.scrollTo(${x_location},${y_location})</arg>
<doc>Executes the given JavaScript code with possible arguments.</doc>
<msg timestamp="20220314 14:11:19.210" level="INFO">Executing JavaScript:
window.scrollTo(0,2000)
Without any arguments.</msg>
<status status="PASS" starttime="20220314 14:11:19.209" endtime="20220314 14:11:19.213"/>
</kw>
<status status="PASS" starttime="20220314 14:11:19.209" endtime="20220314 14:11:19.213"/>
</kw>
<kw name="Wait Until Element Is Visible" library="SeleniumLibrary">
<arg>${LOGR}</arg>
<arg>timeout=30</arg>
<arg>error=None</arg>
<doc>Waits until the element ``locator`` is visible.</doc>
<status status="PASS" starttime="20220314 14:11:19.213" endtime="20220314 14:11:19.649"/>
</kw>
<kw name="Page Should Contain" library="SeleniumLibrary">
<arg>Endereço</arg>
<doc>Verifies that current page contains ``text``.</doc>
<msg timestamp="20220314 14:11:19.657" level="INFO">Current page contains text 'Endereço'.</msg>
<status status="PASS" starttime="20220314 14:11:19.649" endtime="20220314 14:11:19.658"/>
</kw>
<kw name="Input Text" library="SeleniumLibrary">
<arg>${LOGR}</arg>
<arg>100</arg>
<doc>Types the given ``text`` into the text field identified by ``locator``.</doc>
<msg timestamp="20220314 14:11:19.660" level="INFO">Typing text '100' into text field 'id=pt1:itxNrLogradouro::content'.</msg>
<status status="PASS" starttime="20220314 14:11:19.658" endtime="20220314 14:11:19.673"/>
</kw>
<kw name="Double Click Element" library="SeleniumLibrary">
<arg>${PARTES_SALVAR}</arg>
<doc>Double clicks the element identified by ``locator``.</doc>
<msg timestamp="20220314 14:11:19.674" level="INFO">Double clicking element 'xpath=//*[@id="pt1:btnSalvar"]/a'.</msg>
<status status="PASS" starttime="20220314 14:11:19.673" endtime="20220314 14:11:19.970"/>
</kw>
<kw name="Wait Until Element Is Visible" library="SeleniumLibrary">
<arg>${BTN_SAV_PARTES}</arg>
<arg>timeout=30</arg>
<arg>error=None</arg>
<doc>Waits until the element ``locator`` is visible.</doc>
<status status="PASS" starttime="20220314 14:11:19.970" endtime="20220314 14:11:20.638"/>
</kw>
<kw name="Page Should Contain" library="SeleniumLibrary">
<arg>RALPH DA SILVA SOUZA</arg>
<arg>loglevel=TRACE</arg>
<doc>Verifies that current page contains ``text``.</doc>
<msg timestamp="20220314 14:11:20.646" level="INFO">Current page contains text 'RALPH DA SILVA SOUZA'.</msg>
<status status="PASS" starttime="20220314 14:11:20.638" endtime="20220314 14:11:20.646"/>
</kw>
<kw name="Page Should Contain" library="SeleniumLibrary">
<arg>LAURA MARIA FARIA ANTONIALI LEAL DE BRITTO</arg>
<arg>loglevel=TRACE</arg>
<doc>Verifies that current page contains ``text``.</doc>
<msg timestamp="20220314 14:11:20.652" level="INFO">Current page contains text 'LAURA MARIA FARIA ANTONIALI LEAL DE BRITTO'.</msg>
<status status="PASS" starttime="20220314 14:11:20.646" endtime="20220314 14:11:20.652"/>
</kw>
<kw name="Double Click Element" library="SeleniumLibrary">
<arg>${BTN_SAV_PARTES}</arg>
<doc>Double clicks the element identified by ``locator``.</doc>
<msg timestamp="20220314 14:11:20.652" level="INFO">Double clicking element 'xpath=/html/body/div/form/span[1]/div[2]/div[5]/div/div/span/div/div[3]/div/a'.</msg>
<status status="PASS" starttime="20220314 14:11:20.652" endtime="20220314 14:11:20.953"/>
</kw>
<status status="PASS" starttime="20220314 14:11:10.115" endtime="20220314 14:11:20.953"/>
</kw>
<kw name="Quando insiro o Bem Precatórios" library="steps_kw4">
<kw name="Ativo Precatório" library="Precatorios">
<kw name="Wait Until Page Contains" library="SeleniumLibrary">
<arg>Bens e Direitos</arg>
<arg>timeout=60</arg>
<arg>error=None</arg>
<doc>Waits until ``text`` appears on the current page.</doc>
<status status="PASS" starttime="20220314 14:11:20.954" endtime="20220314 14:11:21.601"/>
</kw>
<kw name="Wait Until Element Is Visible" library="SeleniumLibrary">
<arg>${CAD_BENS}</arg>
<arg>timeout=60</arg>
<arg>error=None</arg>
<doc>Waits until the element ``locator`` is visible.</doc>
<status status="PASS" starttime="20220314 14:11:21.601" endtime="20220314 14:11:21.614"/>
</kw>
<kw name="Click Element" library="SeleniumLibrary">
<arg>${CAD_BENS}</arg>
<arg>modifier=False</arg>
<doc>Click the element identified by ``locator``.</doc>
<msg timestamp="20220314 14:11:21.614" level="INFO">Clicking element 'xpath=//*[@id="pt1:b36"]/a'.</msg>
<status status="PASS" starttime="20220314 14:11:21.614" endtime="20220314 14:11:21.832"/>
</kw>
<kw name="Wait Until Element Is Visible" library="SeleniumLibrary">
<arg>${TIPO_BEM}</arg>
<arg>timeout=60</arg>
<arg>error=None</arg>
<doc>Waits until the element ``locator`` is visible.</doc>
<status status="PASS" starttime="20220314 14:11:21.832" endtime="20220314 14:11:22.295"/>
</kw>
<kw name="Click Element" library="SeleniumLibrary">
<arg>${TIPO_BEM}</arg>
<arg>modifier=False</arg>
<doc>Click the element identified by ``locator``.</doc>
<msg timestamp="20220314 14:11:22.296" level="INFO">Clicking element 'xpath=//*[@id="pt1:comboTipoBem::content"]'.</msg>
<status status="PASS" starttime="20220314 14:11:22.296" endtime="20220314 14:11:22.548"/>
</kw>
<kw name="Wait Until Element Is Visible" library="SeleniumLibrary">
<arg>${$_PRECATORIOS}</arg>
<arg>timeout=60</arg>
<arg>error=None</arg>
<doc>Waits until the element ``locator`` is visible.</doc>
<status status="PASS" starttime="20220314 14:11:22.548" endtime="20220314 14:11:22.568"/>
</kw>
<kw name="Click Element" library="SeleniumLibrary">
<arg>${$_PRECATORIOS}</arg>
<arg>modifier=False</arg>
<doc>Click the element identified by ``locator``.</doc>
<msg timestamp="20220314 14:11:22.569" level="INFO">Clicking element 'xpath=//option[contains(text(), 'Precatórios')]'.</msg>
<status status="PASS" starttime="20220314 14:11:22.569" endtime="20220314 14:11:22.796"/>
</kw>
<kw name="Wait Until Element Is Visible" library="SeleniumLibrary">
<arg>${TP_PRECATORIO}</arg>
<arg>timeout=60</arg>
<arg>error=None</arg>
<doc>Waits until the element ``locator`` is visible.</doc>
<status status="PASS" starttime="20220314 14:11:22.796" endtime="20220314 14:11:23.024"/>
</kw>
<kw name="Select From List By Value" library="SeleniumLibrary">
<arg>${TP_PRECATORIO}</arg>
<arg>0</arg>
<doc>Selects options from selection list ``locator`` by ``values``.</doc>
<msg timestamp="20220314 14:11:23.025" level="INFO">Selecting options from selection list 'id=pt1:formPrecatorio:comboTipoPrecatorio::content' by value 0.</msg>
<status status="PASS" starttime="20220314 14:11:23.024" endtime="20220314 14:11:23.261"/>
</kw>
<kw name="Wait Until Element Is Visible" library="SeleniumLibrary">
<arg>${NUM_PRECATORIO}</arg>
<arg>timeout=60</arg>
<arg>error=None</arg>
<doc>Waits until the element ``locator`` is visible.</doc>
<status status="PASS" starttime="20220314 14:11:23.262" endtime="20220314 14:11:23.277"/>
</kw>
<kw name="Input Text" library="SeleniumLibrary">
<arg>${NUM_PRECATORIO}</arg>
<arg>7878787</arg>
<doc>Types the given ``text`` into the text field identified by ``locator``.</doc>
<msg timestamp="20220314 14:11:23.278" level="INFO">Typing text '7878787' into text field 'xpath=//input[@id='pt1:formPrecatorio:itPrecatorioNumDosAutos::content']'.</msg>
<status status="PASS" starttime="20220314 14:11:23.277" endtime="20220314 14:11:23.294"/>
</kw>
<kw name="Wait Until Element Is Visible" library="SeleniumLibrary">
<arg>${OBS_PRECATORIO}</arg>
<arg>timeout=60</arg>
<arg>error=None</arg>
<doc>Waits until the element ``locator`` is visible.</doc>
<status status="PASS" starttime="20220314 14:11:23.294" endtime="20220314 14:11:23.315"/>
</kw>
<kw name="Input Text" library="SeleniumLibrary">
<arg>${OBS_PRECATORIO}</arg>
<arg>${CMP_OBS}</arg>
<doc>Types the given ``text`` into the text field identified by ``locator``.</doc>
<msg timestamp="20220314 14:11:23.316" level="INFO">Typing text 'Observação não obrigatória Automação Ralph' into text field 'id=pt1:formPrecatorio:itObsPrecatorio::content'.</msg>
<status status="PASS" starttime="20220314 14:11:23.315" endtime="20220314 14:11:23.354"/>
</kw>
<kw name="Wait Until Element Is Visible" library="SeleniumLibrary">
<arg>${VLR_PRECATORIO}</arg>
<arg>timeout=60</arg>
<arg>error=None</arg>
<doc>Waits until the element ``locator`` is visible.</doc>
<status status="PASS" starttime="20220314 14:11:23.354" endtime="20220314 14:11:23.407"/>
</kw>
<kw name="Input Text" library="SeleniumLibrary">
<arg>${VLR_PRECATORIO}</arg>
<arg>50000000</arg>
<doc>Types the given ``text`` into the text field identified by ``locator``.</doc>
<msg timestamp="20220314 14:11:23.407" level="INFO">Typing text '50000000' into text field 'id=pt1:formPrecatorio:itPrecatorioValorDeclarado::content'.</msg>
<status status="PASS" starttime="20220314 14:11:23.407" endtime="20220314 14:11:23.423"/>
</kw>
<kw name="Wait Until Element Is Visible" library="SeleniumLibrary">
<arg>${BTN_CADASTRAR}</arg>
<arg>timeout=60</arg>
<arg>error=None</arg>
<doc>Waits until the element ``locator`` is visible.</doc>
<status status="PASS" starttime="20220314 14:11:23.423" endtime="20220314 14:11:23.436"/>
</kw>
<kw name="Click Element" library="SeleniumLibrary">
<arg>${BTN_CADASTRAR}</arg>
<arg>modifier=False</arg>
<doc>Click the element identified by ``locator``.</doc>
<msg timestamp="20220314 14:11:23.437" level="INFO">Clicking element 'xpath=//span[contains(text(), 'CADASTRAR' )]'.</msg>
<status status="PASS" starttime="20220314 14:11:23.436" endtime="20220314 14:11:23.664"/>
</kw>
<status status="PASS" starttime="20220314 14:11:20.954" endtime="20220314 14:11:23.664"/>
</kw>
<status status="PASS" starttime="20220314 14:11:20.953" endtime="20220314 14:11:23.665"/>
</kw>
<kw name="E partilho o valor do bem" library="steps_kw4">
<kw name="Scroll Page To Location" library="base">
<arg>0</arg>
<arg>2000</arg>
<kw name="Execute Javascript" library="SeleniumLibrary">
<arg>window.scrollTo(${x_location},${y_location})</arg>
<doc>Executes the given JavaScript code with possible arguments.</doc>
<msg timestamp="20220314 14:11:23.666" level="INFO">Executing JavaScript:
window.scrollTo(0,2000)
Without any arguments.</msg>
<status status="PASS" starttime="20220314 14:11:23.666" endtime="20220314 14:11:23.670"/>
</kw>
<status status="PASS" starttime="20220314 14:11:23.666" endtime="20220314 14:11:23.670"/>
</kw>
<kw name="Wait Until Element Is Visible" library="SeleniumLibrary">
<arg>${PERC_%}</arg>
<arg>timeout=30</arg>
<arg>error=None</arg>
<doc>Waits until the element ``locator`` is visible.</doc>
<status status="PASS" starttime="20220314 14:11:23.670" endtime="20220314 14:11:23.895"/>
</kw>
<kw name="Press Keys" library="SeleniumLibrary">
<arg>${PERC_%}</arg>
<arg>BACKSPACE</arg>
<doc>Simulates the user pressing key(s) to an element or on the active browser.</doc>
<msg timestamp="20220314 14:11:23.896" level="INFO">Sending key(s) ('BACKSPACE',) to xpath=//*[@id="pt1:j_id__ctru33:0:j_id__ctru76:0:itPerc__::content"] element.</msg>
<msg timestamp="20220314 14:11:24.183" level="INFO">Pressing special key BACKSPACE to element.</msg>
<msg timestamp="20220314 14:11:24.184" level="INFO">Releasing special key BACKSPACE.</msg>
<status status="PASS" starttime="20220314 14:11:23.895" endtime="20220314 14:11:24.189"/>
</kw>
<kw name="Press Keys" library="SeleniumLibrary">
<arg>${PERC_%}</arg>
<arg>100</arg>
<doc>Simulates the user pressing key(s) to an element or on the active browser.</doc>
<msg timestamp="20220314 14:11:24.189" level="INFO">Sending key(s) ('100',) to xpath=//*[@id="pt1:j_id__ctru33:0:j_id__ctru76:0:itPerc__::content"] element.</msg>
<msg timestamp="20220314 14:11:24.473" level="INFO">Sending keys 100</msg>
<status status="PASS" starttime="20220314 14:11:24.189" endtime="20220314 14:11:24.481"/>
</kw>
<kw name="Press Keys" library="SeleniumLibrary">
<arg>${PERC_%}</arg>
<arg>ENTER</arg>
<doc>Simulates the user pressing key(s) to an element or on the active browser.</doc>
<msg timestamp="20220314 14:11:24.481" level="INFO">Sending key(s) ('ENTER',) to xpath=//*[@id="pt1:j_id__ctru33:0:j_id__ctru76:0:itPerc__::content"] element.</msg>
<msg timestamp="20220314 14:11:24.739" level="INFO">Pressing special key ENTER to element.</msg>
<msg timestamp="20220314 14:11:24.739" level="INFO">Releasing special key ENTER.</msg>
<status status="PASS" starttime="20220314 14:11:24.481" endtime="20220314 14:11:24.750"/>
</kw>
<kw name="Wait Until Element Is Visible" library="SeleniumLibrary">
<arg>${BTN_SAV_PERC}</arg>
<arg>timeout=30</arg>
<arg>error=None</arg>
<doc>Waits until the element ``locator`` is visible.</doc>
<status status="PASS" starttime="20220314 14:11:24.751" endtime="20220314 14:11:24.762"/>
</kw>
<kw name="Double Click Element" library="SeleniumLibrary">
<arg>${BTN_SAV_PERC}</arg>
<doc>Double clicks the element identified by ``locator``.</doc>
<msg timestamp="20220314 14:11:24.763" level="INFO">Double clicking element 'xpath=//*[@id="pt1:btnSalvarProsseguir"]/a'.</msg>
<status status="PASS" starttime="20220314 14:11:24.763" endtime="20220314 14:11:25.059"/>
</kw>
<status status="PASS" starttime="20220314 14:11:23.665" endtime="20220314 14:11:25.060"/>
</kw>
<kw name="E obtenho os valores calculados do fato gerador" library="steps_kw4">
<kw name="Wait Until Element Is Visible" library="SeleniumLibrary">
<arg>${FG_TRASMIT}</arg>
<arg>timeout=30</arg>
<arg>error=None</arg>
<doc>Waits until the element ``locator`` is visible.</doc>
<status status="PASS" starttime="20220314 14:11:25.061" endtime="20220314 14:11:26.569"/>
</kw>
<kw name="Page Should Contain" library="SeleniumLibrary">
<arg>Fato Gerador - Doação Plena</arg>
<arg>loglevel=TRACE</arg>
<doc>Verifies that current page contains ``text``.</doc>
<msg timestamp="20220314 14:11:26.576" level="INFO">Current page contains text 'Fato Gerador - Doação Plena'.</msg>
<status status="PASS" starttime="20220314 14:11:26.569" endtime="20220314 14:11:26.576"/>
</kw>
<kw name="Page Should Contain" library="SeleniumLibrary">
<arg>AÇÃO NECESSÁRIA:</arg>
<arg>loglevel=TRACE</arg>
<doc>Verifies that current page contains ``text``.</doc>
<msg timestamp="20220314 14:11:26.583" level="INFO">Current page contains text 'AÇÃO NECESSÁRIA:'.</msg>
<status status="PASS" starttime="20220314 14:11:26.576" endtime="20220314 14:11:26.584"/>
</kw>
<kw name="Page Should Contain Element" library="SeleniumLibrary">
<arg>${FG_TRASMIT}</arg>
<doc>Verifies that element ``locator`` is found on the current page.</doc>
<msg timestamp="20220314 14:11:26.587" level="INFO">Current page contains element 'xpath=//span[contains(text(), 'RALPH DA SILVA SOUZA')]'.</msg>
<status status="PASS" starttime="20220314 14:11:26.584" endtime="20220314 14:11:26.587"/>
</kw>
<kw name="Page Should Contain Element" library="SeleniumLibrary">
<arg>${FG_PERC}</arg>
<doc>Verifies that element ``locator`` is found on the current page.</doc>
<msg timestamp="20220314 14:11:26.590" level="INFO">Current page contains element 'xpath=//span[contains(text(), '100,00')]'.</msg>
<status status="PASS" starttime="20220314 14:11:26.587" endtime="20220314 14:11:26.590"/>
</kw>
<kw name="Scroll Page To Location" library="base">
<arg>0</arg>
<arg>2000</arg>
<kw name="Execute Javascript" library="SeleniumLibrary">
<arg>window.scrollTo(${x_location},${y_location})</arg>
<doc>Executes the given JavaScript code with possible arguments.</doc>
<msg timestamp="20220314 14:11:26.591" level="INFO">Executing JavaScript:
window.scrollTo(0,2000)
Without any arguments.</msg>
<status status="PASS" starttime="20220314 14:11:26.590" endtime="20220314 14:11:26.595"/>
</kw>
<status status="PASS" starttime="20220314 14:11:26.590" endtime="20220314 14:11:26.595"/>
</kw>
<kw name="Page Should Contain Element" library="SeleniumLibrary">
<arg>${FG_TOTAL}</arg>
<doc>Verifies that element ``locator`` is found on the current page.</doc>
<msg timestamp="20220314 14:11:26.598" level="INFO">Current page contains element 'xpath=//span[contains(text(), 'R$ 500.000,00')]'.</msg>
<status status="PASS" starttime="20220314 14:11:26.595" endtime="20220314 14:11:26.598"/>
</kw>
<kw name="Wait Until Element Contains" library="SeleniumLibrary">
<arg>${FG_CALC}</arg>
<arg>CALCULAR FATO GERADOR</arg>
<arg>timeout=30</arg>
<arg>error=None</arg>
<doc>Waits until the element ``locator`` contains ``text``.</doc>
<status status="PASS" starttime="20220314 14:11:26.598" endtime="20220314 14:11:26.608"/>
</kw>
<kw name="Double Click Element" library="SeleniumLibrary">
<arg>${FG_CALC}</arg>
<doc>Double clicks the element identified by ``locator``.</doc>
<msg timestamp="20220314 14:11:26.609" level="INFO">Double clicking element 'id=pt1:it1:0:bb1'.</msg>
<status status="PASS" starttime="20220314 14:11:26.609" endtime="20220314 14:11:26.879"/>
</kw>
<kw name="Wait Until Page Contains Element" library="SeleniumLibrary">
<arg>${FG_PAGAR}</arg>
<arg>timeout=30</arg>
<arg>error=None</arg>
<doc>Waits until the element ``locator`` appears on the current page.</doc>
<status status="PASS" starttime="20220314 14:11:26.879" endtime="20220314 14:11:27.089"/>
</kw>
<kw name="Double Click Element" library="SeleniumLibrary">
<arg>${FG_SALVAR}</arg>
<doc>Double clicks the element identified by ``locator``.</doc>
<msg timestamp="20220314 14:11:27.090" level="INFO">Double clicking element 'xpath=//*[@id="pt1:btnSalvarProsseguir"]/a'.</msg>
<status status="PASS" starttime="20220314 14:11:27.089" endtime="20220314 14:11:27.374"/>
</kw>
<status status="PASS" starttime="20220314 14:11:25.060" endtime="20220314 14:11:27.374"/>
</kw>
<kw name="E anexo os arquivos correspondentes" library="steps_kw4">
<kw name="Wait Until Element Is Visible" library="SeleniumLibrary">
<arg>${ABA_DADOS}</arg>
<arg>timeout=30</arg>
<arg>error=None</arg>
<doc>Waits until the element ``locator`` is visible.</doc>
<status status="PASS" starttime="20220314 14:11:27.375" endtime="20220314 14:11:28.030"/>
</kw>
<kw name="Choose File" library="SeleniumLibrary">
<arg>${ANEXO_GERAL3}</arg>
<arg>${FILE}</arg>
<doc>Inputs the ``file_path`` into the file input field ``locator``.</doc>
<msg timestamp="20220314 14:11:28.031" level="INFO">Sending C:\Users\SOLUTTIONS\JonhPDF.pdf to browser.</msg>
<status status="PASS" starttime="20220314 14:11:28.030" endtime="20220314 14:11:28.039"/>
</kw>
<kw name="Wait Until Element Contains" library="SeleniumLibrary">
<arg>${PAINEL4}</arg>
<arg>${NOME_PDF}</arg>
<arg>timeout=30</arg>
<arg>error=None</arg>
<doc>Waits until the element ``locator`` contains ``text``.</doc>
<status status="PASS" starttime="20220314 14:11:28.039" endtime="20220314 14:11:29.204"/>
</kw>
<kw name="Wait Until Element Is Enabled" library="SeleniumLibrary">
<arg>${ABA_BENS}</arg>
<arg>timeout=30</arg>
<arg>error=None</arg>
<doc>Waits until the element ``locator`` is enabled.</doc>
<status status="PASS" starttime="20220314 14:11:29.204" endtime="20220314 14:11:29.217"/>
</kw>
<kw name="Click Element" library="SeleniumLibrary">
<arg>${ABA_BENS}</arg>
<arg>modifier=False</arg>
<doc>Click the element identified by ``locator``.</doc>
<msg timestamp="20220314 14:11:29.218" level="INFO">Clicking element 'id=pt1:tabBD::disAcr'.</msg>
<status status="PASS" starttime="20220314 14:11:29.217" endtime="20220314 14:11:29.448"/>
</kw>
<kw name="Wait Until Element Contains" library="SeleniumLibrary">
<arg>${PAINEL6}</arg>
<arg>${TITULO_PREC}</arg>
<arg>timeout=30</arg>
<arg>error=None</arg>
<doc>Waits until the element ``locator`` contains ``text``.</doc>
<status status="PASS" starttime="20220314 14:11:29.448" endtime="20220314 14:11:29.510"/>
</kw>
<kw name="Choose File" library="SeleniumLibrary">
<arg>${ANEXO_BENS}</arg>
<arg>${FILE}</arg>
<doc>Inputs the ``file_path`` into the file input field ``locator``.</doc>
<msg timestamp="20220314 14:11:29.511" level="INFO">Sending C:\Users\SOLUTTIONS\JonhPDF.pdf to browser.</msg>
<status status="PASS" starttime="20220314 14:11:29.510" endtime="20220314 14:11:29.518"/>
</kw>
<kw name="Wait Until Element Contains" library="SeleniumLibrary">
<arg>${PAINEL6}</arg>
<arg>${NOME_PDF}</arg>
<arg>timeout=30</arg>
<arg>error=None</arg>
<doc>Waits until the element ``locator`` contains ``text``.</doc>
<status status="PASS" starttime="20220314 14:11:29.519" endtime="20220314 14:11:30.489"/>
</kw>
<kw name="Wait Until Element Is Enabled" library="SeleniumLibrary">
<arg>${BTN_SALVAR}</arg>
<arg>timeout=30</arg>
<arg>error=None</arg>
<doc>Waits until the element ``locator`` is enabled.</doc>
<status status="PASS" starttime="20220314 14:11:30.489" endtime="20220314 14:11:30.502"/>
</kw>
<kw name="Click Element" library="SeleniumLibrary">
<arg>${BTN_SALVAR}</arg>
<arg>modifier=False</arg>
<doc>Click the element identified by ``locator``.</doc>
<msg timestamp="20220314 14:11:30.503" level="INFO">Clicking element 'xpath=//span[contains(text(), 'SALVAR E PROSSEGUIR')]'.</msg>
<status status="PASS" starttime="20220314 14:11:30.502" endtime="20220314 14:11:30.730"/>
</kw>
<status status="PASS" starttime="20220314 14:11:27.375" endtime="20220314 14:11:30.730"/>
</kw>
<kw name="Então devo obter os valores junto ao número da declaração e informação da malha" library="steps_kw4">
<kw name="Wait Until Element Is Visible" library="SeleniumLibrary">
<arg>${BTN_ENVIO}</arg>
<arg>timeout=30</arg>
<arg>error=None</arg>
<doc>Waits until the element ``locator`` is visible.</doc>
<status status="PASS" starttime="20220314 14:11:30.731" endtime="20220314 14:11:42.761"/>
</kw>
<kw name="Wait Until Page Contains" library="SeleniumLibrary">
<arg>${TXT_ENVIO}</arg>
<arg>timeout=30</arg>
<arg>error=Não localizado texto</arg>
<doc>Waits until ``text`` appears on the current page.</doc>
<status status="PASS" starttime="20220314 14:11:42.761" endtime="20220314 14:11:42.776"/>
</kw>
<kw name="Wait Until Element Is Enabled" library="SeleniumLibrary">
<arg>${BTN_ENVIO}</arg>
<arg>timeout=30</arg>
<arg>error=None</arg>
<doc>Waits until the element ``locator`` is enabled.</doc>
<status status="PASS" starttime="20220314 14:11:42.776" endtime="20220314 14:11:42.791"/>
</kw>
<kw name="Double Click Element" library="SeleniumLibrary">
<arg>${BTN_ENVIO}</arg>
<doc>Double clicks the element identified by ``locator``.</doc>
<msg timestamp="20220314 14:11:42.792" level="INFO">Double clicking element 'xpath=//span[@class='x27h xkq p_AFTextOnly' or contains(text(), 'ENVIAR DECLARAÇÃO')]'.</msg>
<status status="PASS" starttime="20220314 14:11:42.792" endtime="20220314 14:11:43.087"/>
</kw>
<kw name="Wait Until Element Contains" library="SeleniumLibrary">
<arg>${ENV_SUCESSO}</arg>
<arg>${MSG_ENVIO}</arg>
<arg>timeout=30</arg>
<arg>error=None</arg>
<doc>Waits until the element ``locator`` contains ``text``.</doc>
<status status="PASS" starttime="20220314 14:11:43.087" endtime="20220314 14:11:46.568"/>
</kw>
<kw name="Wait Until Page Contains" library="SeleniumLibrary">
<arg>${MSG_MALHA}</arg>
<arg>timeout=60</arg>
<arg>error=None</arg>
<doc>Waits until ``text`` appears on the current page.</doc>
<status status="PASS" starttime="20220314 14:11:46.568" endtime="20220314 14:11:46.572"/>
</kw>
<kw name="Get Text" library="SeleniumLibrary">
<var>${number}</var>
<arg>${NUM_DECL}</arg>
<doc>Returns the text value of the element identified by ``locator``.</doc>
<msg timestamp="20220314 14:11:46.581" level="INFO">${number} = 220000021504-0</msg>
<status status="PASS" starttime="20220314 14:11:46.572" endtime="20220314 14:11:46.581"/>
</kw>
<kw name="Log" library="BuiltIn">
<arg>${number}</arg>
<doc>Logs the given message with the given level.</doc>
<msg timestamp="20220314 14:11:46.581" level="INFO">220000021504-0</msg>
<status status="PASS" starttime="20220314 14:11:46.581" endtime="20220314 14:11:46.581"/>
</kw>
<kw name="End Test" library="base">
<kw name="Capture Page Screenshot" library="SeleniumLibrary">
<doc>Takes a screenshot of the current page and embeds it into a log file.</doc>
<msg timestamp="20220314 14:11:46.638" level="INFO" html="true">&lt;/td&gt;&lt;/tr&gt;&lt;tr&gt;&lt;td colspan="3"&gt;&lt;a href="selenium-screenshot-435.png"&gt;&lt;img src="selenium-screenshot-435.png" width="800px"&gt;&lt;/a&gt;</msg>
<status status="PASS" starttime="20220314 14:11:46.582" endtime="20220314 14:11:46.639"/>
</kw>
<status status="PASS" starttime="20220314 14:11:46.581" endtime="20220314 14:11:46.639"/>
</kw>
<status status="PASS" starttime="20220314 14:11:30.731" endtime="20220314 14:11:46.639"/>
</kw>
<status status="PASS" starttime="20220314 14:11:00.037" endtime="20220314 14:11:46.639"/>
</test>
<kw name="Fechar Navegador" library="base" type="TEARDOWN">
<kw name="Close Browser" library="SeleniumLibrary">
<doc>Closes the current browser.</doc>
<status status="PASS" starttime="20220314 14:11:46.641" endtime="20220314 14:11:47.440"/>
</kw>
<status status="PASS" starttime="20220314 14:11:46.641" endtime="20220314 14:11:47.440"/>
</kw>
<doc>Criar declaração
Para que consiga cadastrar uma declaração
Sendo um usuário logado
E possuíndo o ativo "Precatórios"
Quero concluir o envio observando a declaração em malha</doc>
<status status="PASS" starttime="20220314 14:10:47.366" endtime="20220314 14:11:47.440"/>
</suite>
<statistics>
<total>
<stat pass="2" fail="0" skip="0">All Tests</stat>
</total>
<tag>
</tag>
<suite>
<stat pass="2" fail="0" skip="0" id="s1" name="doaçãoPrecatórios">doaçãoPrecatórios</stat>
</suite>
</statistics>
<errors>
</errors>
</robot>
